<?xml version="1.0" encoding="UTF-8"?>
<!-- Generated by org.testng.reporters.JUnitReportReporter -->
<testsuite hostname="SanjivaniK-LPT-234" failures="0" tests="1" name="fileuploadcode.FileSelectCode" time="8.875" errors="0" timestamp="2020-01-07T16:37:42 IST" skipped="0">
  <testcase classname="fileuploadcode.FileSelectCode" name="uploadFile" time="8.875"/>
</testsuite> <!-- fileuploadcode.FileSelectCode -->
